<?xml version="1.0" encoding="UTF-8"?>
<testng-results skipped="0" failed="0" ignored="0" total="1" passed="1">
  <reporter-output>
  </reporter-output>
  <suite name="TestingWebSite" duration-ms="12219" started-at="2020-01-18T04:54:59Z" finished-at="2020-01-18T04:55:11Z">
    <groups>
    </groups>
    <test name="BankingApp Test" duration-ms="12219" started-at="2020-01-18T04:54:59Z" finished-at="2020-01-18T04:55:11Z">
      <class name="com.testingwebsite.testCase.TC00001">
        <test-method status="PASS" signature="setup()[pri:0, instance:com.testingwebsite.testCase.TC00001@1bce4f0a]" name="setup" is-config="true" duration-ms="6762" started-at="2020-01-18T04:54:59Z" finished-at="2020-01-18T04:55:06Z">
          <reporter-output>
          </reporter-output>
        </test-method> <!-- setup -->
        <test-method status="PASS" signature="loginTest()[pri:0, instance:com.testingwebsite.testCase.TC00001@1bce4f0a]" name="loginTest" duration-ms="4656" started-at="2020-01-18T04:55:06Z" finished-at="2020-01-18T04:55:11Z">
          <reporter-output>
          </reporter-output>
        </test-method> <!-- loginTest -->
        <test-method status="PASS" signature="tearDown()[pri:0, instance:com.testingwebsite.testCase.TC00001@1bce4f0a]" name="tearDown" is-config="true" duration-ms="753" started-at="2020-01-18T04:55:11Z" finished-at="2020-01-18T04:55:11Z">
          <reporter-output>
          </reporter-output>
        </test-method> <!-- tearDown -->
      </class> <!-- com.testingwebsite.testCase.TC00001 -->
    </test> <!-- BankingApp Test -->
  </suite> <!-- TestingWebSite -->
</testng-results>
