<?xml version="1.0" encoding="UTF-8"?>
<testng-results skipped="0" failed="0" ignored="0" total="1" passed="1">
  <reporter-output>
  </reporter-output>
  <suite name="TestingWebSite" duration-ms="12016" started-at="2020-01-18T05:23:19Z" finished-at="2020-01-18T05:23:31Z">
    <groups>
    </groups>
    <test name="BankingApp Test" duration-ms="12016" started-at="2020-01-18T05:23:19Z" finished-at="2020-01-18T05:23:31Z">
      <class name="com.testingwebsite.testCase.TC00001">
        <test-method status="PASS" signature="setup()[pri:0, instance:com.testingwebsite.testCase.TC00001@1bce4f0a]" name="setup" is-config="true" duration-ms="7207" started-at="2020-01-18T05:23:19Z" finished-at="2020-01-18T05:23:26Z">
          <reporter-output>
          </reporter-output>
        </test-method> <!-- setup -->
        <test-method status="PASS" signature="loginTest()[pri:0, instance:com.testingwebsite.testCase.TC00001@1bce4f0a]" name="loginTest" duration-ms="4004" started-at="2020-01-18T05:23:26Z" finished-at="2020-01-18T05:23:30Z">
          <reporter-output>
          </reporter-output>
        </test-method> <!-- loginTest -->
        <test-method status="PASS" signature="tearDown()[pri:0, instance:com.testingwebsite.testCase.TC00001@1bce4f0a]" name="tearDown" is-config="true" duration-ms="746" started-at="2020-01-18T05:23:30Z" finished-at="2020-01-18T05:23:31Z">
          <reporter-output>
          </reporter-output>
        </test-method> <!-- tearDown -->
      </class> <!-- com.testingwebsite.testCase.TC00001 -->
    </test> <!-- BankingApp Test -->
  </suite> <!-- TestingWebSite -->
</testng-results>
